<?xml version="1.0" encoding="UTF-8"?>
<!-- Generated by org.testng.reporters.JUnitXMLReporter -->
<testsuite ignored="0" hostname="Rajesh-PC" failures="0" tests="13" name="ADD ITEM TO CART" time="28.52" errors="0" timestamp="2023-03-08T01:43:55 CET">
  <testcase classname="org.fashionatte.de.testCases.RandomAddToCartTest" name="enterIntoHomePage" time="1.135"/>
  <testcase classname="org.fashionatte.de.testCases.RandomAddToCartTest" name="searchForItem" time="2.041"/>
  <testcase classname="org.fashionatte.de.testCases.RandomAddToCartTest" name="completeAnItemsSelectionProcess" time="1.247"/>
  <testcase classname="org.fashionatte.de.testCases.RandomAddToCartTest" name="selectItemsRequirements" time="0.257"/>
  <testcase classname="org.fashionatte.de.testCases.RandomAddToCartTest" name="completeVoucherProcess" time="0.837"/>
  <testcase classname="org.fashionatte.de.testCases.LoginTest" name="login" time="0.831"/>
  <testcase classname="org.fashionatte.de.testCases.LoginTest" name="login" time="0.806"/>
  <testcase classname="org.fashionatte.de.testCases.LoginTest" name="login" time="1.382"/>
  <testcase classname="org.fashionatte.de.testCases.LoginTest" name="login" time="0.806"/>
  <testcase classname="org.fashionatte.de.testCases.LoginTest" name="login" time="1.281"/>
  <testcase classname="org.fashionatte.de.testCases.LoginTest" name="login" time="2.223"/>
  <testcase classname="org.fashionatte.de.testCases.LoginTest" name="login" time="0.001"/>
  <testcase classname="org.fashionatte.de.testCases.LoginTest" name="login" time="0.0"/>
</testsuite> <!-- ADD ITEM TO CART -->
